<?xml version="1.0" encoding="UTF-8"?>
<!-- Generated by org.testng.reporters.JUnitReportReporter -->
<testsuite hostname="DESKTOP-DQQ05H6" failures="0" tests="1" name="com.juaracoding.traveltest.AppTest" time="1.668" errors="0" timestamp="2025-09-28T15:47:54 WIB" skipped="0">
  <testcase classname="com.juaracoding.traveltest.AppTest" name="registerUserTest" time="1.668"/>
</testsuite> <!-- com.juaracoding.traveltest.AppTest -->
